OPTIONS /api/v1/auth/login - 2025-10-08T01:10:40.438Z
POST /api/v1/auth/login - 2025-10-08T01:10:40.458Z
POST /api/v1/products/ - 2025-10-08T01:50:44.040Z
POST /api/v1/products/ - 2025-10-08T01:50:48.179Z
POST /api/v1/auth/login - 2025-10-08T01:51:12.856Z
GET /api/v1/auth/getMe - 2025-10-08T01:51:22.046Z
POST /api/v1/auth/login - 2025-10-08T01:51:58.978Z
GET /api/v1/auth/getMe - 2025-10-08T01:52:10.881Z
POST /api/v1/products/ - 2025-10-08T01:52:21.456Z
GET /api/v1/auth/getMe - 2025-10-08T01:54:19.818Z
GET /api/v1/auth/getMe - 2025-10-08T01:55:01.203Z
GET /api/v1/auth/getMe - 2025-10-08T01:55:46.386Z
POST /api/v1/products/ - 2025-10-08T02:22:30.051Z
POST /api/v1/products/upload - 2025-10-08T02:22:57.904Z
POST /api/v1/products/upload/ - 2025-10-08T02:49:48.305Z
POST /api/v1/products/upload/ - 2025-10-08T02:50:25.937Z
POST /api/v1/products/upload/ - 2025-10-08T02:56:12.516Z
POST /api/v1/products/upload/ - 2025-10-08T02:56:40.430Z
POST /api/v1/products/upload/ - 2025-10-08T02:58:29.597Z
POST /api/v1/products/upload/ - 2025-10-08T02:58:44.756Z
POST /api/v1/products/upload/ - 2025-10-08T02:59:47.800Z
POST /api/v1/products/upload/ - 2025-10-08T03:01:09.477Z
POST /api/v1/products/upload/ - 2025-10-08T03:02:08.851Z
POST /api/v1/products/ - 2025-10-08T03:04:46.421Z
POST /api/v1/products/upload/ - 2025-10-08T03:06:20.383Z
POST /api/v1/auth/login - 2025-10-08T03:07:07.008Z
POST /api/v1/auth/login - 2025-10-08T03:09:26.110Z
POST /api/v1/products/upload/ - 2025-10-08T03:09:34.276Z
GET /api/v1/auth/getMe - 2025-10-08T03:10:00.770Z
POST /api/v1/products/upload/68e27031aef1ad797753436a - 2025-10-08T03:10:12.763Z
POST /api/v1/products/upload/ - 2025-10-08T03:10:44.830Z
GET /api/v1/auth/getMe - 2025-10-08T03:11:09.925Z
POST /api/v1/products/ - 2025-10-08T03:11:29.963Z
GET /api/v1/products/68e27031aef1ad797753436a - 2025-10-08T03:11:47.673Z
POST /api/v1/auth/login - 2025-10-08T04:06:16.441Z
GET /api/v1/auth/getMe - 2025-10-08T04:06:26.363Z
GET /api/v1/products/68e27031aef1ad797753436a - 2025-10-08T04:07:39.175Z
GET /api/v1/products/68e5c3d584b8506eb873ff78 - 2025-10-08T04:08:36.459Z
GET /api/v1/products/68e5c3d584b8506eb873ff78/upload-image - 2025-10-08T04:09:38.079Z
POST /api/v1/products/68e5c3d584b8506eb873ff78/upload-image - 2025-10-08T04:13:19.723Z
GET /api/v1/products/68e5c3d584b8506eb873ff78 - 2025-10-08T04:13:32.527Z
