OPTIONS /api/v1/auth/login - 2025-10-07T04:00:30.155Z
POST /api/v1/auth/login - 2025-10-07T04:00:30.166Z
OPTIONS /api/v1/auth/login - 2025-10-07T04:00:50.183Z
POST /api/v1/auth/login - 2025-10-07T04:00:50.187Z
OPTIONS /api/v1/auth/login - 2025-10-07T04:02:52.900Z
POST /api/v1/auth/login - 2025-10-07T04:02:52.903Z
OPTIONS /api/v1/auth/login - 2025-10-07T04:14:13.887Z
POST /api/v1/auth/login - 2025-10-07T04:14:13.890Z
OPTIONS /api/v1/auth/login - 2025-10-07T04:19:06.032Z
POST /api/v1/auth/login - 2025-10-07T04:19:06.037Z
OPTIONS /api/v1/auth/login - 2025-10-07T04:21:45.520Z
POST /api/v1/auth/login - 2025-10-07T04:21:45.524Z
OPTIONS /api/v1/auth/login - 2025-10-07T04:23:31.216Z
POST /api/v1/auth/login - 2025-10-07T04:23:31.220Z
OPTIONS /api/v1/auth/login - 2025-10-07T04:24:19.516Z
POST /api/v1/auth/login - 2025-10-07T04:24:19.520Z
OPTIONS /api/v1/auth/login - 2025-10-07T05:57:42.340Z
POST /api/v1/auth/login - 2025-10-07T05:57:42.351Z
OPTIONS /api/v1/auth/login - 2025-10-07T05:57:51.772Z
POST /api/v1/auth/login - 2025-10-07T05:57:51.776Z
GET /api/v1/auth/login - 2025-10-07T05:58:51.865Z
GET /favicon.ico - 2025-10-07T05:58:51.974Z
OPTIONS /api/v1/auth/login - 2025-10-07T05:59:32.426Z
POST /api/v1/auth/login - 2025-10-07T05:59:32.438Z
GET / - 2025-10-07T07:10:32.336Z
GET /.well-known/appspecific/com.chrome.devtools.json - 2025-10-07T07:55:12.901Z
OPTIONS /api/v1/auth/login - 2025-10-07T08:20:06.843Z
POST /api/v1/auth/login - 2025-10-07T08:20:06.862Z
OPTIONS /api/v1/auth/login - 2025-10-07T08:25:55.142Z
POST /api/v1/auth/login - 2025-10-07T08:25:55.147Z
OPTIONS /api/v1/auth/login - 2025-10-07T08:33:00.507Z
POST /api/v1/auth/login - 2025-10-07T08:33:00.522Z
OPTIONS /api/v1/auth/login - 2025-10-07T08:34:29.470Z
POST /api/v1/auth/login - 2025-10-07T08:34:29.475Z
OPTIONS /api/v1/auth/login - 2025-10-07T08:55:23.137Z
POST /api/v1/auth/login - 2025-10-07T08:55:23.145Z
OPTIONS /api/v1/auth/login - 2025-10-07T08:55:34.636Z
POST /api/v1/auth/login - 2025-10-07T08:55:34.640Z
OPTIONS /api/v1/auth/login - 2025-10-07T11:51:57.310Z
POST /api/v1/auth/login - 2025-10-07T11:51:57.332Z
OPTIONS /api/v1/auth/login - 2025-10-07T11:52:22.413Z
POST /api/v1/auth/login - 2025-10-07T11:52:22.418Z
OPTIONS /api/v1/auth/login - 2025-10-07T12:47:08.231Z
POST /api/v1/auth/login - 2025-10-07T12:47:08.242Z
OPTIONS /api/v1/auth/login - 2025-10-07T12:48:04.171Z
POST /api/v1/auth/login - 2025-10-07T12:48:04.175Z
OPTIONS /api/v1/auth/login - 2025-10-07T12:55:48.673Z
POST /api/v1/auth/login - 2025-10-07T12:55:48.680Z
OPTIONS /api/v1/auth/login - 2025-10-07T12:59:41.507Z
POST /api/v1/auth/login - 2025-10-07T12:59:41.511Z
OPTIONS /api/v1/auth/login - 2025-10-07T13:26:47.393Z
POST /api/v1/auth/login - 2025-10-07T13:26:47.408Z
OPTIONS /api/v1/auth/login - 2025-10-07T13:31:08.684Z
POST /api/v1/auth/login - 2025-10-07T13:31:08.688Z
OPTIONS /api/v1/auth/login - 2025-10-07T13:32:10.353Z
POST /api/v1/auth/login - 2025-10-07T13:32:10.360Z
