OPTIONS /api/v1/auth/login - 2025-10-06T04:02:54.087Z
POST /api/v1/auth/login - 2025-10-06T04:02:54.092Z
OPTIONS /api/v1/auth/login - 2025-10-06T04:05:20.685Z
POST /api/v1/auth/login - 2025-10-06T04:05:20.689Z
OPTIONS /api/v1/auth/login - 2025-10-06T04:06:18.128Z
POST /api/v1/auth/login - 2025-10-06T04:06:18.131Z
OPTIONS /api/v1/auth/login - 2025-10-06T04:06:34.224Z
POST /api/v1/auth/login - 2025-10-06T04:06:34.227Z
OPTIONS /api/v1/auth/login - 2025-10-06T04:08:32.950Z
POST /api/v1/auth/login - 2025-10-06T04:08:32.954Z
OPTIONS /api/v1/auth/login - 2025-10-06T04:09:55.789Z
POST /api/v1/auth/login - 2025-10-06T04:09:55.793Z
OPTIONS /api/v1/auth/login - 2025-10-06T04:10:22.340Z
POST /api/v1/auth/login - 2025-10-06T04:10:22.344Z
OPTIONS /api/v1/auth/login - 2025-10-06T04:10:48.246Z
POST /api/v1/auth/login - 2025-10-06T04:10:48.250Z
OPTIONS /api/v1/auth/login - 2025-10-06T04:11:43.064Z
POST /api/v1/auth/login - 2025-10-06T04:11:43.082Z
OPTIONS /api/v1/auth/login - 2025-10-06T04:12:03.679Z
POST /api/v1/auth/login - 2025-10-06T04:12:03.682Z
OPTIONS /api/v1/auth/login - 2025-10-06T04:16:37.662Z
POST /api/v1/auth/login - 2025-10-06T04:16:37.666Z
OPTIONS /api/v1/auth/login - 2025-10-06T06:40:52.563Z
POST /api/v1/auth/login - 2025-10-06T06:40:52.573Z
POST /api/v1/auth/login - 2025-10-06T06:41:05.187Z
OPTIONS /api/v1/auth/login - 2025-10-06T06:41:29.064Z
POST /api/v1/auth/login - 2025-10-06T06:41:29.067Z
POST /api/v1/auth/login - 2025-10-06T06:41:50.969Z
POST /api/v1/auth/register - 2025-10-06T07:51:17.709Z
POST /api/v1/auth/register - 2025-10-06T07:54:02.864Z
POST /api/v1/auth/register - 2025-10-06T07:54:18.260Z
POST /api/v1/auth/register - 2025-10-06T08:18:19.958Z
POST /api/v1/auth/register - 2025-10-06T08:18:33.985Z
POST /api/v1/auth/register - 2025-10-06T08:28:53.134Z
POST /api/v1/auth/register - 2025-10-06T08:29:39.793Z
POST /api/v1/auth/register - 2025-10-06T08:31:07.454Z
POST /api/v1/auth/register - 2025-10-06T08:36:53.944Z
POST /api/v1/auth/forgotpassword - 2025-10-06T08:41:40.479Z
OPTIONS /api/v1/auth/forgotpassword - 2025-10-06T09:13:28.607Z
POST /api/v1/auth/forgotpassword - 2025-10-06T09:13:28.623Z
OPTIONS /api/v1/auth/api/auth/resetpassword/a47f3c8baabd2fcdf0edca695bd989e09b7e7029fe8f022ce0402082617179df - 2025-10-06T09:14:16.652Z
POST /api/v1/auth/api/auth/resetpassword/a47f3c8baabd2fcdf0edca695bd989e09b7e7029fe8f022ce0402082617179df - 2025-10-06T09:14:16.655Z
OPTIONS /api/v1/auth/resetpassword/a47f3c8baabd2fcdf0edca695bd989e09b7e7029fe8f022ce0402082617179df - 2025-10-06T09:17:42.716Z
POST /api/v1/auth/resetpassword/a47f3c8baabd2fcdf0edca695bd989e09b7e7029fe8f022ce0402082617179df - 2025-10-06T09:17:42.721Z
OPTIONS /api/v1/auth/resetpassword/a47f3c8baabd2fcdf0edca695bd989e09b7e7029fe8f022ce0402082617179df - 2025-10-06T09:17:58.269Z
POST /api/v1/auth/resetpassword/a47f3c8baabd2fcdf0edca695bd989e09b7e7029fe8f022ce0402082617179df - 2025-10-06T09:17:58.273Z
POST /api/v1/auth/forgotpassword - 2025-10-06T09:18:11.691Z
OPTIONS /api/v1/auth/forgotpassword - 2025-10-06T09:18:11.678Z
OPTIONS /api/v1/auth/resetpassword/36600f2a9f071ac5f6f15ad4a835513fac99a08d7499769dc2cc1581b022ec9f - 2025-10-06T09:18:46.650Z
POST /api/v1/auth/resetpassword/36600f2a9f071ac5f6f15ad4a835513fac99a08d7499769dc2cc1581b022ec9f - 2025-10-06T09:18:46.653Z
OPTIONS /api/v1/auth/resetpassword/36600f2a9f071ac5f6f15ad4a835513fac99a08d7499769dc2cc1581b022ec9f - 2025-10-06T09:20:30.786Z
POST /api/v1/auth/resetpassword/36600f2a9f071ac5f6f15ad4a835513fac99a08d7499769dc2cc1581b022ec9f - 2025-10-06T09:20:30.790Z
OPTIONS /api/v1/auth/resetpassword/36600f2a9f071ac5f6f15ad4a835513fac99a08d7499769dc2cc1581b022ec9f - 2025-10-06T09:21:58.108Z
POST /api/v1/auth/resetpassword/36600f2a9f071ac5f6f15ad4a835513fac99a08d7499769dc2cc1581b022ec9f - 2025-10-06T09:21:58.114Z
OPTIONS /api/v1/auth/resetpassword/36600f2a9f071ac5f6f15ad4a835513fac99a08d7499769dc2cc1581b022ec9f - 2025-10-06T09:22:46.899Z
POST /api/v1/auth/resetpassword/36600f2a9f071ac5f6f15ad4a835513fac99a08d7499769dc2cc1581b022ec9f - 2025-10-06T09:22:46.905Z
OPTIONS /api/v1/auth/resetpassword/36600f2a9f071ac5f6f15ad4a835513fac99a08d7499769dc2cc1581b022ec9f - 2025-10-06T09:24:15.756Z
POST /api/v1/auth/resetpassword/36600f2a9f071ac5f6f15ad4a835513fac99a08d7499769dc2cc1581b022ec9f - 2025-10-06T09:24:15.763Z
OPTIONS /api/v1/auth/resetpassword/36600f2a9f071ac5f6f15ad4a835513fac99a08d7499769dc2cc1581b022ec9f - 2025-10-06T09:24:32.881Z
POST /api/v1/auth/resetpassword/36600f2a9f071ac5f6f15ad4a835513fac99a08d7499769dc2cc1581b022ec9f - 2025-10-06T09:24:32.886Z
OPTIONS /api/v1/auth/forgotpassword - 2025-10-06T09:24:50.468Z
POST /api/v1/auth/forgotpassword - 2025-10-06T09:24:50.472Z
OPTIONS /api/v1/auth/resetpassword/e5c93420ad478aa1df709bbe13c1505ca5a7a3e072896f8adfc2b44a47c8094c - 2025-10-06T09:25:40.104Z
POST /api/v1/auth/resetpassword/e5c93420ad478aa1df709bbe13c1505ca5a7a3e072896f8adfc2b44a47c8094c - 2025-10-06T09:25:40.107Z
GET /api/v1/auth/resetpassword/e5c93420ad478aa1df709bbe13c1505ca5a7a3e072896f8adfc2b44a47c8094c - 2025-10-06T09:28:39.169Z
GET /favicon.ico - 2025-10-06T09:28:39.244Z
OPTIONS /api/v1/auth/resetpassword/e5c93420ad478aa1df709bbe13c1505ca5a7a3e072896f8adfc2b44a47c8094c - 2025-10-06T09:33:36.562Z
POST /api/v1/auth/resetpassword/e5c93420ad478aa1df709bbe13c1505ca5a7a3e072896f8adfc2b44a47c8094c - 2025-10-06T09:33:36.565Z
OPTIONS /api/v1/auth/resetpassword/e5c93420ad478aa1df709bbe13c1505ca5a7a3e072896f8adfc2b44a47c8094c - 2025-10-06T09:35:35.705Z
POST /api/v1/auth/resetpassword/e5c93420ad478aa1df709bbe13c1505ca5a7a3e072896f8adfc2b44a47c8094c - 2025-10-06T09:35:35.710Z
POST /api/v1/auth/forgotpassword - 2025-10-06T10:11:04.341Z
POST /api/v1/auth/reset-password/658e754c2f8cd05b8a8528157f7929e4cff0933ce67d1144a919454593a34e52 - 2025-10-06T10:13:58.420Z
POST /api/v1/auth/resetpassword/658e754c2f8cd05b8a8528157f7929e4cff0933ce67d1144a919454593a34e52 - 2025-10-06T10:14:41.048Z
OPTIONS /api/v1/auth/resetpassword/658e754c2f8cd05b8a8528157f7929e4cff0933ce67d1144a919454593a34e52 - 2025-10-06T10:17:39.993Z
POST /api/v1/auth/resetpassword/658e754c2f8cd05b8a8528157f7929e4cff0933ce67d1144a919454593a34e52 - 2025-10-06T10:17:40.003Z
OPTIONS /api/v1/auth/resetpassword/658e754c2f8cd05b8a8528157f7929e4cff0933ce67d1144a919454593a34e52 - 2025-10-06T10:17:55.178Z
POST /api/v1/auth/resetpassword/658e754c2f8cd05b8a8528157f7929e4cff0933ce67d1144a919454593a34e52 - 2025-10-06T10:17:55.182Z
POST /api/v1/auth/resetpassword/658e754c2f8cd05b8a8528157f7929e4cff0933ce67d1144a919454593a34e52 - 2025-10-06T10:18:48.475Z
OPTIONS /api/v1/auth/resetpassword/658e754c2f8cd05b8a8528157f7929e4cff0933ce67d1144a919454593a34e52 - 2025-10-06T10:18:57.247Z
POST /api/v1/auth/resetpassword/658e754c2f8cd05b8a8528157f7929e4cff0933ce67d1144a919454593a34e52 - 2025-10-06T10:18:57.251Z
OPTIONS /api/v1/auth/resetpassword/658e754c2f8cd05b8a8528157f7929e4cff0933ce67d1144a919454593a34e52 - 2025-10-06T10:19:05.454Z
POST /api/v1/auth/resetpassword/658e754c2f8cd05b8a8528157f7929e4cff0933ce67d1144a919454593a34e52 - 2025-10-06T10:19:05.458Z
OPTIONS /api/v1/auth/forgotpassword - 2025-10-06T10:22:34.407Z
POST /api/v1/auth/forgotpassword - 2025-10-06T10:22:34.417Z
OPTIONS /api/v1/auth/resetpassword/13bad054853f8eb4a4e5c2d4300f997863bf6991947db79ed0bd0e365b043fa9 - 2025-10-06T10:23:16.738Z
POST /api/v1/auth/resetpassword/13bad054853f8eb4a4e5c2d4300f997863bf6991947db79ed0bd0e365b043fa9 - 2025-10-06T10:23:16.742Z
OPTIONS /api/v1/auth/login - 2025-10-06T12:50:33.365Z
POST /api/v1/auth/login - 2025-10-06T12:50:33.374Z
OPTIONS /api/v1/auth/login - 2025-10-06T12:51:18.200Z
POST /api/v1/auth/login - 2025-10-06T12:51:18.206Z
OPTIONS /api/v1/auth/login - 2025-10-06T12:51:40.042Z
POST /api/v1/auth/login - 2025-10-06T12:51:40.047Z
OPTIONS /api/v1/auth/login - 2025-10-06T13:16:28.937Z
POST /api/v1/auth/login - 2025-10-06T13:16:28.949Z
OPTIONS /api/v1/auth/login - 2025-10-06T13:17:20.178Z
POST /api/v1/auth/login - 2025-10-06T13:17:20.184Z
OPTIONS /api/v1/auth/login - 2025-10-06T13:18:22.245Z
POST /api/v1/auth/login - 2025-10-06T13:18:22.249Z
OPTIONS /api/v1/auth/login - 2025-10-06T14:11:43.431Z
POST /api/v1/auth/login - 2025-10-06T14:11:43.440Z
OPTIONS /api/v1/auth/login - 2025-10-06T14:14:27.961Z
POST /api/v1/auth/login - 2025-10-06T14:14:27.965Z
OPTIONS /api/v1/auth/login - 2025-10-06T14:17:26.547Z
POST /api/v1/auth/login - 2025-10-06T14:17:26.553Z
OPTIONS /api/v1/auth/login - 2025-10-06T14:17:35.230Z
POST /api/v1/auth/login - 2025-10-06T14:17:35.235Z
OPTIONS /api/v1/auth/login - 2025-10-06T14:19:24.897Z
POST /api/v1/auth/login - 2025-10-06T14:19:24.901Z
OPTIONS /api/v1/auth/login - 2025-10-06T14:24:30.245Z
POST /api/v1/auth/login - 2025-10-06T14:24:30.252Z
OPTIONS /api/v1/auth/login - 2025-10-06T14:25:37.393Z
POST /api/v1/auth/login - 2025-10-06T14:25:37.398Z
OPTIONS /api/v1/auth/login - 2025-10-06T14:32:47.767Z
POST /api/v1/auth/login - 2025-10-06T14:32:47.771Z
OPTIONS /api/v1/auth/login - 2025-10-06T14:33:10.409Z
POST /api/v1/auth/login - 2025-10-06T14:33:10.412Z
OPTIONS /api/v1/auth/login - 2025-10-06T15:16:43.218Z
POST /api/v1/auth/login - 2025-10-06T15:16:43.250Z
OPTIONS /api/v1/auth/login - 2025-10-06T15:26:41.472Z
POST /api/v1/auth/login - 2025-10-06T15:26:41.490Z
OPTIONS /api/v1/auth/login - 2025-10-06T16:57:56.473Z
POST /api/v1/auth/login - 2025-10-06T16:57:56.478Z
OPTIONS /api/v1/auth/login - 2025-10-06T16:58:34.088Z
POST /api/v1/auth/login - 2025-10-06T16:58:34.091Z
OPTIONS /api/v1/auth/login - 2025-10-06T16:58:51.266Z
POST /api/v1/auth/login - 2025-10-06T16:58:51.269Z
OPTIONS /api/v1/auth/login - 2025-10-06T17:18:52.013Z
POST /api/v1/auth/login - 2025-10-06T17:18:52.018Z
OPTIONS /api/v1/auth/login - 2025-10-06T17:19:01.713Z
POST /api/v1/auth/login - 2025-10-06T17:19:01.716Z
OPTIONS /api/v1/auth/login - 2025-10-06T17:19:49.604Z
POST /api/v1/auth/login - 2025-10-06T17:19:49.608Z
OPTIONS /api/v1/auth/login - 2025-10-06T17:20:36.321Z
POST /api/v1/auth/login - 2025-10-06T17:20:36.329Z
OPTIONS /api/v1/auth/login - 2025-10-06T17:22:08.339Z
POST /api/v1/auth/login - 2025-10-06T17:22:08.343Z
OPTIONS /api/v1/auth/login - 2025-10-06T17:22:32.638Z
POST /api/v1/auth/login - 2025-10-06T17:22:32.660Z
OPTIONS /api/v1/auth/login - 2025-10-06T17:24:13.327Z
POST /api/v1/auth/login - 2025-10-06T17:24:13.331Z
OPTIONS /api/v1/auth/login - 2025-10-06T17:25:07.080Z
POST /api/v1/auth/login - 2025-10-06T17:25:07.085Z
OPTIONS /api/v1/auth/login - 2025-10-06T17:26:03.472Z
POST /api/v1/auth/login - 2025-10-06T17:26:03.475Z
